<?xml version="1.0" encoding="UTF-8"?>
<!-- Generated by org.testng.reporters.JUnitReportReporter -->
<testsuite hostname="DESKTOP-3FE0KPH" failures="0" tests="1" name="com.flipkart.qa.testcases.PaymentPageTest" time="7.216" errors="0" timestamp="10 Nov 2021 04:52:59 GMT" skipped="0">
  <testcase classname="com.flipkart.qa.testcases.PaymentPageTest" name="PaymentPageTitleTest" time="7.216"/>
</testsuite> <!-- com.flipkart.qa.testcases.PaymentPageTest -->
