<?xml version="1.0" encoding="UTF-8"?>
<!-- Generated by org.testng.reporters.JUnitReportReporter -->
<testsuite hostname="DESKTOP-3FE0KPH" failures="0" tests="2" name="com.flipkart.qa.testcases.ItemPageTest" time="57.541" errors="0" timestamp="11 Nov 2021 15:16:36 GMT" skipped="0">
  <testcase classname="com.flipkart.qa.testcases.ItemPageTest" name="ItemPageTitleTest1" time="29.043"/>
  <testcase classname="com.flipkart.qa.testcases.ItemPageTest" name="ItemPage" time="28.498"/>
</testsuite> <!-- com.flipkart.qa.testcases.ItemPageTest -->
